B..
...
...
W
Safe Up
Safe Left
safe right
Move W in position (0, 0) is legal - there is an adjacent (shared) liberty.
...
...
...
W
safe up
Move W in position (1, 1) is legal - there is an adjacent (shared) liberty.
.W.
W.W
.W.
B
Illegal
Illegal
Illegal
Illegal
Move B in position (1, 1) is illegal.
.W.
W.W
.W.
W
Check up
safe up
Move W in position (1, 1) is illegal.
.BB
BWW
BW.
B
Illegal
Illegal
Safe Right
Safe Down
Illegal
Illegal
Safe Right
Safe Down
Illegal
safe right
Move B in position (2, 2) is illegal.
